<?xml version="1.0" encoding="UTF-8"?>
<!-- Generated by org.testng.reporters.JUnitReportReporter -->
<testsuite hostname="developer-Inspiron-3583" failures="0" tests="1" name="com.selenium.TestApp.HelloWorldTest" time="14.367" errors="0" timestamp="2020-05-26T13:25:39 VET" skipped="0">
  <testcase classname="com.selenium.TestApp.HelloWorldTest" name="Login" time="14.367"/>
  <system-out/>
</testsuite> <!-- com.selenium.TestApp.HelloWorldTest -->
